/Users/karime/Documents/VSC/ML-project/gist_classifiers_full_cv.py:165: MatplotlibDeprecationWarning: The 'labels' parameter of boxplot() has been renamed 'tick_labels' since Matplotlib 3.9; support for the old name will be dropped in 3.11.
  bp = ax.boxplot(cv_data, labels=['Acc', 'F1', 'AUC', 'Prec', 'Rec'])
/Users/karime/Documents/VSC/ML-project/gist_classifiers_full_cv.py:165: MatplotlibDeprecationWarning: The 'labels' parameter of boxplot() has been renamed 'tick_labels' since Matplotlib 3.9; support for the old name will be dropped in 3.11.
  bp = ax.boxplot(cv_data, labels=['Acc', 'F1', 'AUC', 'Prec', 'Rec'])
/Users/karime/Documents/VSC/ML-project/gist_classifiers_full_cv.py:165: MatplotlibDeprecationWarning: The 'labels' parameter of boxplot() has been renamed 'tick_labels' since Matplotlib 3.9; support for the old name will be dropped in 3.11.
  bp = ax.boxplot(cv_data, labels=['Acc', 'F1', 'AUC', 'Prec', 'Rec'])
/Users/karime/Documents/VSC/ML-project/gist_classifiers_full_cv.py:165: MatplotlibDeprecationWarning: The 'labels' parameter of boxplot() has been renamed 'tick_labels' since Matplotlib 3.9; support for the old name will be dropped in 3.11.
  bp = ax.boxplot(cv_data, labels=['Acc', 'F1', 'AUC', 'Prec', 'Rec'])
/Users/karime/Documents/VSC/ML-project/gist_classifiers_full_cv.py:165: MatplotlibDeprecationWarning: The 'labels' parameter of boxplot() has been renamed 'tick_labels' since Matplotlib 3.9; support for the old name will be dropped in 3.11.
  bp = ax.boxplot(cv_data, labels=['Acc', 'F1', 'AUC', 'Prec', 'Rec'])
/Users/karime/Documents/VSC/ML-project/gist_classifiers_full_cv.py:165: MatplotlibDeprecationWarning: The 'labels' parameter of boxplot() has been renamed 'tick_labels' since Matplotlib 3.9; support for the old name will be dropped in 3.11.
  bp = ax.boxplot(cv_data, labels=['Acc', 'F1', 'AUC', 'Prec', 'Rec'])
/Users/karime/Documents/VSC/ML-project/gist_classifiers_full_cv.py:165: MatplotlibDeprecationWarning: The 'labels' parameter of boxplot() has been renamed 'tick_labels' since Matplotlib 3.9; support for the old name will be dropped in 3.11.
  bp = ax.boxplot(cv_data, labels=['Acc', 'F1', 'AUC', 'Prec', 'Rec'])
/opt/miniconda3/envs/kt3405/lib/python3.12/site-packages/sklearn/feature_selection/_univariate_selection.py:110: UserWarning: Features [ 77  83  84  90  97 103 110 467 474 475 480 487 488] are constant.
  warnings.warn("Features %s are constant." % constant_features_idx, UserWarning)
/opt/miniconda3/envs/kt3405/lib/python3.12/site-packages/sklearn/feature_selection/_univariate_selection.py:111: RuntimeWarning: invalid value encountered in divide
  f = msb / msw
/opt/miniconda3/envs/kt3405/lib/python3.12/site-packages/sklearn/feature_selection/_univariate_selection.py:110: UserWarning: Features [ 77  83  84  90  97 103 110 467 474 475 480 487 488] are constant.
  warnings.warn("Features %s are constant." % constant_features_idx, UserWarning)
/opt/miniconda3/envs/kt3405/lib/python3.12/site-packages/sklearn/feature_selection/_univariate_selection.py:111: RuntimeWarning: invalid value encountered in divide
  f = msb / msw
/opt/miniconda3/envs/kt3405/lib/python3.12/site-packages/sklearn/feature_selection/_univariate_selection.py:110: UserWarning: Features [ 77  83  84  90  97 103 110 467 474 475 480 487 488] are constant.
  warnings.warn("Features %s are constant." % constant_features_idx, UserWarning)
/opt/miniconda3/envs/kt3405/lib/python3.12/site-packages/sklearn/feature_selection/_univariate_selection.py:111: RuntimeWarning: invalid value encountered in divide
  f = msb / msw
/opt/miniconda3/envs/kt3405/lib/python3.12/site-packages/sklearn/feature_selection/_univariate_selection.py:110: UserWarning: Features [ 77  83  84  90  97 103 110 467 474 475 480 487 488] are constant.
  warnings.warn("Features %s are constant." % constant_features_idx, UserWarning)
/opt/miniconda3/envs/kt3405/lib/python3.12/site-packages/sklearn/feature_selection/_univariate_selection.py:111: RuntimeWarning: invalid value encountered in divide
  f = msb / msw
Results will be saved to: /Users/karime/Documents/VSC/ML-project/results
Loading GIST radiomic features data (full feature set)...
Data shape: (246, 494)
Missing values: 0
Class distribution:
label
GIST        125
non-GIST    121
Name: count, dtype: int64

Feature matrix shape: (246, 493)
Target shape: (246,)

============================================================
Running classifiers with 5-fold Cross-Validation
Using full feature set: 493 features
============================================================

Training LDA...
  CV Accuracy: 0.5608 (+/- 0.0505)
  CV AUC: 0.5797 (+/- 0.0639)
  CV F1: 0.5458 (+/- 0.0700)

Training GaussianNB...
  CV Accuracy: 0.5649 (+/- 0.0622)
  CV AUC: 0.5760 (+/- 0.0554)
  CV F1: 0.5163 (+/- 0.0642)

Training LogisticRegression...
  CV Accuracy: 0.5851 (+/- 0.0475)
  CV AUC: 0.5968 (+/- 0.0758)
  CV F1: 0.5785 (+/- 0.0661)

Training SGDClassifier...
  CV Accuracy: 0.5691 (+/- 0.0449)
  CV AUC: 0.6185 (+/- 0.0611)
  CV F1: 0.5906 (+/- 0.0480)

Training KNeighbors...
  CV Accuracy: 0.5121 (+/- 0.0419)
  CV AUC: 0.5566 (+/- 0.0470)
  CV F1: 0.5316 (+/- 0.0579)

Training DecisionTree...
  CV Accuracy: 0.5202 (+/- 0.0351)
  CV AUC: 0.5192 (+/- 0.0348)
  CV F1: 0.5393 (+/- 0.0567)

Training RandomForest...
  CV Accuracy: 0.6217 (+/- 0.0598)
  CV AUC: 0.6409 (+/- 0.0782)
  CV F1: 0.6185 (+/- 0.0834)

Saved CV boxplot to: /Users/karime/Documents/VSC/ML-project/results/cv_results_boxplot.png
Saved CV metrics to: /Users/karime/Documents/VSC/ML-project/results/cv_metrics_full.csv

============================================================
Running with Feature Selection + Cross-Validation
============================================================

Testing with k=10 features...
  LogisticRegression: Acc=0.666±0.066, AUC=0.690±0.068
  KNeighbors: Acc=0.573±0.047, AUC=0.606±0.056
  RandomForest: Acc=0.593±0.031, AUC=0.656±0.072

Testing with k=25 features...
  LogisticRegression: Acc=0.618±0.075, AUC=0.641±0.053
  KNeighbors: Acc=0.569±0.061, AUC=0.572±0.066
  RandomForest: Acc=0.626±0.042, AUC=0.647±0.064

Testing with k=50 features...
  LogisticRegression: Acc=0.601±0.042, AUC=0.614±0.045
  KNeighbors: Acc=0.606±0.063, AUC=0.611±0.045
  RandomForest: Acc=0.618±0.022, AUC=0.654±0.047

Testing with k=100 features...
  LogisticRegression: Acc=0.540±0.082, AUC=0.578±0.087
  KNeighbors: Acc=0.545±0.030, AUC=0.567±0.042
  RandomForest: Acc=0.614±0.025, AUC=0.632±0.049

Testing with k=all features...
  LogisticRegression: Acc=0.569±0.026, AUC=0.602±0.068
  KNeighbors: Acc=0.512±0.042, AUC=0.557±0.047
  RandomForest: Acc=0.626±0.060, AUC=0.644±0.079

Saved feature selection results to: /Users/karime/Documents/VSC/ML-project/results/feature_selection_cv_results.csv
Saved feature selection plot to: /Users/karime/Documents/VSC/ML-project/results/feature_selection_plot.png

============================================================
Creating Learning Curves
============================================================

Creating learning curve for LogisticRegression...

Creating learning curve for KNeighbors...

Creating learning curve for RandomForest...

Creating learning curve for GaussianNB...
Saved learning curves to: /Users/karime/Documents/VSC/ML-project/results/learning_curves.png

============================================================
ANALYSIS COMPLETE
============================================================

Best classifier (by CV AUC):
  RandomForest
  CV Accuracy: 0.6217 ± 0.0598
  CV AUC: 0.6409 ± 0.0782
  CV F1: 0.6185 ± 0.0834

Results saved to: /Users/karime/Documents/VSC/ML-project/results

Files generated:
  - cv_results_boxplot.png: Cross-validation results boxplot
  - cv_metrics_full.csv: All CV metrics
  - feature_selection_cv_results.csv: Feature selection results
  - feature_selection_plot.png: Feature selection visualization
  - learning_curves.png: Learning curves for best models
